<?xml version="1.0" encoding="UTF-8"?>
<!-- Generated by org.testng.reporters.JUnitReportReporter -->
<testsuite skipped="0" hostname="DIN76000171" name="testcase.TestClass" tests="2" failures="0" timestamp="17 Aug 2019 09:49:19 GMT" time="9.534" errors="0">
  <testcase name="Login" time="3.713" classname="testcase.TestClass"/>
  <testcase name="registeruser" time="5.821" classname="testcase.TestClass"/>
</testsuite> <!-- testcase.TestClass -->
